  markerdetector.cpp
c:\stage\yanis\csharp_projects\aruco\arucodll\aruco_src\cameraparameters.h(55): warning C4290: Spécification d'exception C++ ignorée sauf pour indiquer qu'une fonction n'est pas __declspec(nothrow)
c:\stage\yanis\csharp_projects\aruco\arucodll\aruco_src\cameraparameters.h(61): warning C4290: Spécification d'exception C++ ignorée sauf pour indiquer qu'une fonction n'est pas __declspec(nothrow)
c:\stage\yanis\csharp_projects\aruco\arucodll\aruco_src\cameraparameters.h(77): warning C4290: Spécification d'exception C++ ignorée sauf pour indiquer qu'une fonction n'est pas __declspec(nothrow)
c:\stage\yanis\csharp_projects\aruco\arucodll\aruco_src\cameraparameters.h(81): warning C4290: Spécification d'exception C++ ignorée sauf pour indiquer qu'une fonction n'est pas __declspec(nothrow)
c:\stage\yanis\csharp_projects\aruco\arucodll\aruco_src\cameraparameters.h(85): warning C4290: Spécification d'exception C++ ignorée sauf pour indiquer qu'une fonction n'est pas __declspec(nothrow)
c:\stage\yanis\csharp_projects\aruco\arucodll\aruco_src\cameraparameters.h(103): warning C4290: Spécification d'exception C++ ignorée sauf pour indiquer qu'une fonction n'est pas __declspec(nothrow)
c:\stage\yanis\csharp_projects\aruco\arucodll\aruco_src\cameraparameters.h(116): warning C4290: Spécification d'exception C++ ignorée sauf pour indiquer qu'une fonction n'est pas __declspec(nothrow)
c:\stage\yanis\csharp_projects\aruco\arucodll\aruco_src\cameraparameters.h(126): warning C4290: Spécification d'exception C++ ignorée sauf pour indiquer qu'une fonction n'est pas __declspec(nothrow)
c:\stage\yanis\csharp_projects\aruco\arucodll\aruco_src\cameraparameters.h(127): warning C4290: Spécification d'exception C++ ignorée sauf pour indiquer qu'une fonction n'est pas __declspec(nothrow)
c:\stage\yanis\csharp_projects\aruco\arucodll\aruco_src\dictionary.h(57): warning C4290: Spécification d'exception C++ ignorée sauf pour indiquer qu'une fonction n'est pas __declspec(nothrow)
c:\stage\yanis\csharp_projects\aruco\arucodll\aruco_src\dictionary.h(60): warning C4290: Spécification d'exception C++ ignorée sauf pour indiquer qu'une fonction n'est pas __declspec(nothrow)
c:\stage\yanis\csharp_projects\aruco\arucodll\aruco_src\dictionary.h(61): warning C4290: Spécification d'exception C++ ignorée sauf pour indiquer qu'une fonction n'est pas __declspec(nothrow)
c:\stage\yanis\csharp_projects\aruco\arucodll\aruco_src\dictionary.h(63): warning C4290: Spécification d'exception C++ ignorée sauf pour indiquer qu'une fonction n'est pas __declspec(nothrow)
c:\stage\yanis\csharp_projects\aruco\arucodll\aruco_src\dictionary.h(64): warning C4290: Spécification d'exception C++ ignorée sauf pour indiquer qu'une fonction n'est pas __declspec(nothrow)
c:\stage\yanis\csharp_projects\aruco\arucodll\aruco_src\dictionary.h(65): warning C4290: Spécification d'exception C++ ignorée sauf pour indiquer qu'une fonction n'est pas __declspec(nothrow)
c:\stage\yanis\csharp_projects\aruco\arucodll\aruco_src\dictionary.h(66): warning C4290: Spécification d'exception C++ ignorée sauf pour indiquer qu'une fonction n'est pas __declspec(nothrow)
c:\stage\yanis\csharp_projects\aruco\arucodll\aruco_src\dictionary.h(71): warning C4290: Spécification d'exception C++ ignorée sauf pour indiquer qu'une fonction n'est pas __declspec(nothrow)
c:\stage\yanis\csharp_projects\aruco\arucodll\aruco_src\dictionary.h(72): warning C4290: Spécification d'exception C++ ignorée sauf pour indiquer qu'une fonction n'est pas __declspec(nothrow)
c:\stage\yanis\csharp_projects\aruco\arucodll\aruco_src\marker.h(79): warning C4290: Spécification d'exception C++ ignorée sauf pour indiquer qu'une fonction n'est pas __declspec(nothrow)
c:\stage\yanis\csharp_projects\aruco\arucodll\aruco_src\marker.h(86): warning C4290: Spécification d'exception C++ ignorée sauf pour indiquer qu'une fonction n'est pas __declspec(nothrow)
c:\stage\yanis\csharp_projects\aruco\arucodll\aruco_src\marker.h(91): warning C4290: Spécification d'exception C++ ignorée sauf pour indiquer qu'une fonction n'est pas __declspec(nothrow)
c:\stage\yanis\csharp_projects\aruco\arucodll\aruco_src\marker.h(103): warning C4290: Spécification d'exception C++ ignorée sauf pour indiquer qu'une fonction n'est pas __declspec(nothrow)
c:\stage\yanis\csharp_projects\aruco\arucodll\aruco_src\markerlabeler.h(53): warning C4290: Spécification d'exception C++ ignorée sauf pour indiquer qu'une fonction n'est pas __declspec(nothrow)
c:\stage\yanis\csharp_projects\aruco\arucodll\aruco_src\markerlabeler.h(69): warning C4290: Spécification d'exception C++ ignorée sauf pour indiquer qu'une fonction n'est pas __declspec(nothrow)
c:\stage\yanis\csharp_projects\aruco\arucodll\aruco_src\markerdetector.h(119): warning C4290: Spécification d'exception C++ ignorée sauf pour indiquer qu'une fonction n'est pas __declspec(nothrow)
c:\stage\yanis\csharp_projects\aruco\arucodll\aruco_src\markerdetector.h(120): warning C4290: Spécification d'exception C++ ignorée sauf pour indiquer qu'une fonction n'est pas __declspec(nothrow)
c:\stage\yanis\csharp_projects\aruco\arucodll\aruco_src\markerdetector.h(133): warning C4290: Spécification d'exception C++ ignorée sauf pour indiquer qu'une fonction n'est pas __declspec(nothrow)
c:\stage\yanis\csharp_projects\aruco\arucodll\aruco_src\markerdetector.h(149): warning C4290: Spécification d'exception C++ ignorée sauf pour indiquer qu'une fonction n'est pas __declspec(nothrow)
c:\stage\yanis\csharp_projects\aruco\arucodll\aruco_src\markerdetector.h(153): warning C4290: Spécification d'exception C++ ignorée sauf pour indiquer qu'une fonction n'est pas __declspec(nothrow)
c:\stage\yanis\csharp_projects\aruco\arucodll\aruco_src\markerdetector.h(171): warning C4290: Spécification d'exception C++ ignorée sauf pour indiquer qu'une fonction n'est pas __declspec(nothrow)
c:\stage\yanis\csharp_projects\aruco\arucodll\aruco_src\markerdetector.h(180): warning C4290: Spécification d'exception C++ ignorée sauf pour indiquer qu'une fonction n'est pas __declspec(nothrow)
c:\stage\yanis\csharp_projects\aruco\arucodll\aruco_src\markerdetector.h(248): warning C4290: Spécification d'exception C++ ignorée sauf pour indiquer qu'une fonction n'est pas __declspec(nothrow)
c:\stage\yanis\csharp_projects\aruco\arucodll\aruco_src\markerdetector.h(281): warning C4290: Spécification d'exception C++ ignorée sauf pour indiquer qu'une fonction n'est pas __declspec(nothrow)
c:\stage\yanis\csharp_projects\aruco\arucodll\aruco_src\markerdetector.h(309): warning C4290: Spécification d'exception C++ ignorée sauf pour indiquer qu'une fonction n'est pas __declspec(nothrow)
c:\stage\yanis\csharp_projects\aruco\arucodll\aruco_src\markerdetector.h(310): warning C4290: Spécification d'exception C++ ignorée sauf pour indiquer qu'une fonction n'est pas __declspec(nothrow)
c:\stage\yanis\csharp_projects\aruco\arucodll\aruco_src\markerdetector.h(334): warning C4290: Spécification d'exception C++ ignorée sauf pour indiquer qu'une fonction n'est pas __declspec(nothrow)
c:\stage\yanis\csharp_projects\aruco\arucodll\aruco_src\markerdetector.h(356): warning C4290: Spécification d'exception C++ ignorée sauf pour indiquer qu'une fonction n'est pas __declspec(nothrow)
c:\stage\yanis\csharp_projects\aruco\arucodll\aruco_src\markerdetector.h(372): warning C4290: Spécification d'exception C++ ignorée sauf pour indiquer qu'une fonction n'est pas __declspec(nothrow)
c:\stage\yanis\csharp_projects\aruco\arucodll\aruco_src\markerdetector.h(93): warning C4305: '=' : troncation de 'double' à 'float'
c:\stage\yanis\csharp_projects\aruco\arucodll\aruco_src\markerdetector.h(94): warning C4305: '=' : troncation de 'double' à 'float'
c:\stage\yanis\csharp_projects\aruco\arucodll\aruco_src\markerdetector.cpp(77): warning C4290: Spécification d'exception C++ ignorée sauf pour indiquer qu'une fonction n'est pas __declspec(nothrow)
c:\stage\yanis\csharp_projects\aruco\arucodll\aruco_src\markerdetector.cpp(83): warning C4290: Spécification d'exception C++ ignorée sauf pour indiquer qu'une fonction n'est pas __declspec(nothrow)
c:\stage\yanis\csharp_projects\aruco\arucodll\aruco_src\markerdetector.cpp(104): warning C4290: Spécification d'exception C++ ignorée sauf pour indiquer qu'une fonction n'est pas __declspec(nothrow)
c:\stage\yanis\csharp_projects\aruco\arucodll\aruco_src\markerdetector.cpp(126): warning C4290: Spécification d'exception C++ ignorée sauf pour indiquer qu'une fonction n'est pas __declspec(nothrow)
c:\stage\yanis\csharp_projects\aruco\arucodll\aruco_src\markerdetector.cpp(152): warning C4244: 'initialisation' : conversion de 'double' en 'int', perte possible de données
c:\stage\yanis\csharp_projects\aruco\arucodll\aruco_src\markerdetector.cpp(159): warning C4244: 'initialisation' : conversion de 'const double' en 'int', perte possible de données
c:\stage\yanis\csharp_projects\aruco\arucodll\aruco_src\markerdetector.cpp(175): warning C4244: 'initialisation' : conversion de 'int' en 'float', perte possible de données
c:\stage\yanis\csharp_projects\aruco\arucodll\aruco_src\markerdetector.cpp(265): warning C4244: 'initialisation' : conversion de 'float' en 'int', perte possible de données
c:\stage\yanis\csharp_projects\aruco\arucodll\aruco_src\markerdetector.cpp(266): warning C4244: 'initialisation' : conversion de 'float' en 'int', perte possible de données
c:\stage\yanis\csharp_projects\aruco\arucodll\aruco_src\markerdetector.cpp(296): warning C4290: Spécification d'exception C++ ignorée sauf pour indiquer qu'une fonction n'est pas __declspec(nothrow)
c:\stage\yanis\csharp_projects\aruco\arucodll\aruco_src\markerdetector.cpp(322): warning C4244: 'initialisation' : conversion de 'double' en 'int', perte possible de données
c:\stage\yanis\csharp_projects\aruco\arucodll\aruco_src\markerdetector.cpp(329): warning C4244: 'initialisation' : conversion de 'const double' en 'int', perte possible de données
c:\stage\yanis\csharp_projects\aruco\arucodll\aruco_src\markerdetector.cpp(345): warning C4244: 'initialisation' : conversion de 'int' en 'float', perte possible de données
c:\stage\yanis\csharp_projects\aruco\arucodll\aruco_src\markerdetector.cpp(435): warning C4244: 'initialisation' : conversion de 'float' en 'int', perte possible de données
c:\stage\yanis\csharp_projects\aruco\arucodll\aruco_src\markerdetector.cpp(436): warning C4244: 'initialisation' : conversion de 'float' en 'int', perte possible de données
c:\stage\yanis\csharp_projects\aruco\arucodll\aruco_src\markerdetector.cpp(1004): warning C4244: 'initialisation' : conversion de 'float' en 'int', perte possible de données
c:\stage\yanis\csharp_projects\aruco\arucodll\aruco_src\markerdetector.cpp(1005): warning C4244: 'initialisation' : conversion de 'const float' en 'int', perte possible de données
c:\stage\yanis\csharp_projects\aruco\arucodll\aruco_src\markerdetector.cpp(1067): warning C4244: 'argument' : conversion de 'int' en 'float', perte possible de données
c:\stage\yanis\csharp_projects\aruco\arucodll\aruco_src\markerdetector.cpp(1174): warning C4244: 'initialisation' : conversion de 'float' en 'int', perte possible de données
c:\stage\yanis\csharp_projects\aruco\arucodll\aruco_src\markerdetector.cpp(1175): warning C4244: 'initialisation' : conversion de 'const float' en 'int', perte possible de données
c:\stage\yanis\csharp_projects\aruco\arucodll\aruco_src\markerdetector.cpp(1237): warning C4244: 'argument' : conversion de 'int' en 'float', perte possible de données
c:\stage\yanis\csharp_projects\aruco\arucodll\aruco_src\markerdetector.cpp(1381): warning C4244: 'initialisation' : conversion de 'const double' en 'int', perte possible de données
c:\stage\yanis\csharp_projects\aruco\arucodll\aruco_src\markerdetector.cpp(1382): warning C4244: 'initialisation' : conversion de 'double' en 'int', perte possible de données
c:\stage\yanis\csharp_projects\aruco\arucodll\aruco_src\markerdetector.cpp(1383): warning C4244: 'initialisation' : conversion de 'const double' en 'int', perte possible de données
c:\stage\yanis\csharp_projects\aruco\arucodll\aruco_src\markerdetector.cpp(1384): warning C4244: 'initialisation' : conversion de 'double' en 'int', perte possible de données
c:\stage\yanis\csharp_projects\aruco\arucodll\aruco_src\markerdetector.cpp(1398): warning C4244: 'initialisation' : conversion de 'double' en 'float', perte possible de données
c:\stage\yanis\csharp_projects\aruco\arucodll\aruco_src\markerdetector.cpp(1427): warning C4290: Spécification d'exception C++ ignorée sauf pour indiquer qu'une fonction n'est pas __declspec(nothrow)
c:\stage\yanis\csharp_projects\aruco\arucodll\aruco_src\markerdetector.cpp(1447): warning C4244: 'argument' : conversion de 'double' en 'int', perte possible de données
c:\stage\yanis\csharp_projects\aruco\arucodll\aruco_src\markerdetector.cpp(1469): warning C4290: Spécification d'exception C++ ignorée sauf pour indiquer qu'une fonction n'est pas __declspec(nothrow)
c:\stage\yanis\csharp_projects\aruco\arucodll\aruco_src\markerdetector.cpp(1478): warning C4244: 'argument' : conversion de 'int' en 'float', perte possible de données
c:\stage\yanis\csharp_projects\aruco\arucodll\aruco_src\markerdetector.cpp(1479): warning C4244: 'argument' : conversion de 'int' en 'float', perte possible de données
c:\stage\yanis\csharp_projects\aruco\arucodll\aruco_src\markerdetector.cpp(1480): warning C4244: 'argument' : conversion de 'int' en 'float', perte possible de données
c:\stage\yanis\csharp_projects\aruco\arucodll\aruco_src\markerdetector.cpp(1492): warning C4244: '=' : conversion de 'const float' en 'int', perte possible de données
c:\stage\yanis\csharp_projects\aruco\arucodll\aruco_src\markerdetector.cpp(1493): warning C4244: '=' : conversion de 'const float' en 'int', perte possible de données
c:\stage\yanis\csharp_projects\aruco\arucodll\aruco_src\markerdetector.cpp(1522): warning C4244: 'initialisation' : conversion de 'double' en 'float', perte possible de données
c:\stage\yanis\csharp_projects\aruco\arucodll\aruco_src\markerdetector.cpp(1539): warning C4244: 'initialisation' : conversion de 'double' en 'float', perte possible de données
c:\stage\yanis\csharp_projects\aruco\arucodll\aruco_src\markerdetector.cpp(1561): warning C4244: '=' : conversion de 'int' en 'float', perte possible de données
c:\stage\yanis\csharp_projects\aruco\arucodll\aruco_src\markerdetector.cpp(1565): warning C4244: '=' : conversion de 'int' en 'float', perte possible de données
c:\stage\yanis\csharp_projects\aruco\arucodll\aruco_src\markerdetector.cpp(1584): warning C4290: Spécification d'exception C++ ignorée sauf pour indiquer qu'une fonction n'est pas __declspec(nothrow)
c:\stage\yanis\csharp_projects\aruco\arucodll\aruco_src\markerdetector.cpp(1654): warning C4244: '+=' : conversion de 'double' en 'int', perte possible de données
c:\stage\yanis\csharp_projects\aruco\arucodll\aruco_src\markerdetector.cpp(1656): warning C4244: 'argument' : conversion de 'int' en 'float', perte possible de données
c:\stage\yanis\csharp_projects\aruco\arucodll\aruco_src\markerdetector.cpp(1657): warning C4244: 'argument' : conversion de 'int' en 'float', perte possible de données
c:\stage\yanis\csharp_projects\aruco\arucodll\aruco_src\markerdetector.cpp(1658): warning C4244: 'argument' : conversion de 'int' en 'float', perte possible de données
c:\stage\yanis\csharp_projects\aruco\arucodll\aruco_src\markerdetector.cpp(1676): warning C4244: 'initialisation' : conversion de 'int' en 'float', perte possible de données
c:\stage\yanis\csharp_projects\aruco\arucodll\aruco_src\markerdetector.cpp(1677): warning C4244: 'initialisation' : conversion de 'int' en 'float', perte possible de données
c:\stage\yanis\csharp_projects\aruco\arucodll\aruco_src\markerdetector.cpp(1678): warning C4244: 'initialisation' : conversion de 'double' en 'float', perte possible de données
c:\stage\yanis\csharp_projects\aruco\arucodll\aruco_src\markerdetector.cpp(1680): warning C4244: '=' : conversion de 'double' en 'int', perte possible de données
c:\stage\yanis\csharp_projects\aruco\arucodll\aruco_src\markerdetector.cpp(1681): warning C4244: '=' : conversion de 'double' en 'int', perte possible de données
c:\stage\yanis\csharp_projects\aruco\arucodll\aruco_src\markerdetector.cpp(1750): warning C4244: '+=' : conversion de 'float' en 'int', perte possible de données
c:\stage\yanis\csharp_projects\aruco\arucodll\aruco_src\markerdetector.cpp(1793): warning C4244: 'argument' : conversion de 'int' en 'float', perte possible de données
c:\stage\yanis\csharp_projects\aruco\arucodll\aruco_src\markerdetector.cpp(1801): warning C4244: 'argument' : conversion de 'int' en 'float', perte possible de données
c:\stage\yanis\csharp_projects\aruco\arucodll\aruco_src\markerdetector.cpp(2008): warning C4244: 'argument' : conversion de 'const int' en 'float', perte possible de données
c:\stage\yanis\csharp_projects\aruco\arucodll\aruco_src\markerdetector.cpp(2009): warning C4244: 'argument' : conversion de 'const int' en 'float', perte possible de données
c:\stage\yanis\csharp_projects\aruco\arucodll\aruco_src\markerdetector.cpp(2011): warning C4244: 'argument' : conversion de 'float' en 'int', perte possible de données
c:\stage\yanis\csharp_projects\aruco\arucodll\aruco_src\markerdetector.cpp(2022): warning C4244: '=' : conversion de 'double' en 'float', perte possible de données
c:\stage\yanis\csharp_projects\aruco\arucodll\aruco_src\markerdetector.cpp(2028): warning C4244: 'argument' : conversion de 'int' en 'float', perte possible de données
c:\stage\yanis\csharp_projects\aruco\arucodll\aruco_src\markerdetector.cpp(2036): warning C4244: 'initialisation' : conversion de 'double' en 'float', perte possible de données
c:\stage\yanis\csharp_projects\aruco\arucodll\aruco_src\markerdetector.cpp(2039): warning C4244: 'argument' : conversion de 'int' en 'float', perte possible de données
c:\stage\yanis\csharp_projects\aruco\arucodll\aruco_src\markerdetector.cpp(2048): warning C4290: Spécification d'exception C++ ignorée sauf pour indiquer qu'une fonction n'est pas __declspec(nothrow)
c:\stage\yanis\csharp_projects\aruco\arucodll\aruco_src\markerdetector.cpp(2054): warning C4290: Spécification d'exception C++ ignorée sauf pour indiquer qu'une fonction n'est pas __declspec(nothrow)
c:\stage\yanis\csharp_projects\aruco\arucodll\aruco_src\markerdetector.cpp(2058): warning C4290: Spécification d'exception C++ ignorée sauf pour indiquer qu'une fonction n'est pas __declspec(nothrow)
  cvdrawingutils.cpp
c:\stage\yanis\csharp_projects\aruco\arucodll\aruco_src\cameraparameters.h(55): warning C4290: Spécification d'exception C++ ignorée sauf pour indiquer qu'une fonction n'est pas __declspec(nothrow)
c:\stage\yanis\csharp_projects\aruco\arucodll\aruco_src\cameraparameters.h(61): warning C4290: Spécification d'exception C++ ignorée sauf pour indiquer qu'une fonction n'est pas __declspec(nothrow)
c:\stage\yanis\csharp_projects\aruco\arucodll\aruco_src\cameraparameters.h(77): warning C4290: Spécification d'exception C++ ignorée sauf pour indiquer qu'une fonction n'est pas __declspec(nothrow)
c:\stage\yanis\csharp_projects\aruco\arucodll\aruco_src\cameraparameters.h(81): warning C4290: Spécification d'exception C++ ignorée sauf pour indiquer qu'une fonction n'est pas __declspec(nothrow)
c:\stage\yanis\csharp_projects\aruco\arucodll\aruco_src\cameraparameters.h(85): warning C4290: Spécification d'exception C++ ignorée sauf pour indiquer qu'une fonction n'est pas __declspec(nothrow)
c:\stage\yanis\csharp_projects\aruco\arucodll\aruco_src\cameraparameters.h(103): warning C4290: Spécification d'exception C++ ignorée sauf pour indiquer qu'une fonction n'est pas __declspec(nothrow)
c:\stage\yanis\csharp_projects\aruco\arucodll\aruco_src\cameraparameters.h(116): warning C4290: Spécification d'exception C++ ignorée sauf pour indiquer qu'une fonction n'est pas __declspec(nothrow)
c:\stage\yanis\csharp_projects\aruco\arucodll\aruco_src\cameraparameters.h(126): warning C4290: Spécification d'exception C++ ignorée sauf pour indiquer qu'une fonction n'est pas __declspec(nothrow)
c:\stage\yanis\csharp_projects\aruco\arucodll\aruco_src\cameraparameters.h(127): warning C4290: Spécification d'exception C++ ignorée sauf pour indiquer qu'une fonction n'est pas __declspec(nothrow)
c:\stage\yanis\csharp_projects\aruco\arucodll\aruco_src\dictionary.h(57): warning C4290: Spécification d'exception C++ ignorée sauf pour indiquer qu'une fonction n'est pas __declspec(nothrow)
c:\stage\yanis\csharp_projects\aruco\arucodll\aruco_src\dictionary.h(60): warning C4290: Spécification d'exception C++ ignorée sauf pour indiquer qu'une fonction n'est pas __declspec(nothrow)
c:\stage\yanis\csharp_projects\aruco\arucodll\aruco_src\dictionary.h(61): warning C4290: Spécification d'exception C++ ignorée sauf pour indiquer qu'une fonction n'est pas __declspec(nothrow)
c:\stage\yanis\csharp_projects\aruco\arucodll\aruco_src\dictionary.h(63): warning C4290: Spécification d'exception C++ ignorée sauf pour indiquer qu'une fonction n'est pas __declspec(nothrow)
c:\stage\yanis\csharp_projects\aruco\arucodll\aruco_src\dictionary.h(64): warning C4290: Spécification d'exception C++ ignorée sauf pour indiquer qu'une fonction n'est pas __declspec(nothrow)
c:\stage\yanis\csharp_projects\aruco\arucodll\aruco_src\dictionary.h(65): warning C4290: Spécification d'exception C++ ignorée sauf pour indiquer qu'une fonction n'est pas __declspec(nothrow)
c:\stage\yanis\csharp_projects\aruco\arucodll\aruco_src\dictionary.h(66): warning C4290: Spécification d'exception C++ ignorée sauf pour indiquer qu'une fonction n'est pas __declspec(nothrow)
c:\stage\yanis\csharp_projects\aruco\arucodll\aruco_src\dictionary.h(71): warning C4290: Spécification d'exception C++ ignorée sauf pour indiquer qu'une fonction n'est pas __declspec(nothrow)
c:\stage\yanis\csharp_projects\aruco\arucodll\aruco_src\dictionary.h(72): warning C4290: Spécification d'exception C++ ignorée sauf pour indiquer qu'une fonction n'est pas __declspec(nothrow)
c:\stage\yanis\csharp_projects\aruco\arucodll\aruco_src\marker.h(79): warning C4290: Spécification d'exception C++ ignorée sauf pour indiquer qu'une fonction n'est pas __declspec(nothrow)
c:\stage\yanis\csharp_projects\aruco\arucodll\aruco_src\marker.h(86): warning C4290: Spécification d'exception C++ ignorée sauf pour indiquer qu'une fonction n'est pas __declspec(nothrow)
c:\stage\yanis\csharp_projects\aruco\arucodll\aruco_src\marker.h(91): warning C4290: Spécification d'exception C++ ignorée sauf pour indiquer qu'une fonction n'est pas __declspec(nothrow)
c:\stage\yanis\csharp_projects\aruco\arucodll\aruco_src\marker.h(103): warning C4290: Spécification d'exception C++ ignorée sauf pour indiquer qu'une fonction n'est pas __declspec(nothrow)
c:\stage\yanis\csharp_projects\aruco\arucodll\aruco_src\markerlabeler.h(53): warning C4290: Spécification d'exception C++ ignorée sauf pour indiquer qu'une fonction n'est pas __declspec(nothrow)
c:\stage\yanis\csharp_projects\aruco\arucodll\aruco_src\markerlabeler.h(69): warning C4290: Spécification d'exception C++ ignorée sauf pour indiquer qu'une fonction n'est pas __declspec(nothrow)
c:\stage\yanis\csharp_projects\aruco\arucodll\aruco_src\markerdetector.h(119): warning C4290: Spécification d'exception C++ ignorée sauf pour indiquer qu'une fonction n'est pas __declspec(nothrow)
c:\stage\yanis\csharp_projects\aruco\arucodll\aruco_src\markerdetector.h(120): warning C4290: Spécification d'exception C++ ignorée sauf pour indiquer qu'une fonction n'est pas __declspec(nothrow)
c:\stage\yanis\csharp_projects\aruco\arucodll\aruco_src\markerdetector.h(133): warning C4290: Spécification d'exception C++ ignorée sauf pour indiquer qu'une fonction n'est pas __declspec(nothrow)
c:\stage\yanis\csharp_projects\aruco\arucodll\aruco_src\markerdetector.h(149): warning C4290: Spécification d'exception C++ ignorée sauf pour indiquer qu'une fonction n'est pas __declspec(nothrow)
c:\stage\yanis\csharp_projects\aruco\arucodll\aruco_src\markerdetector.h(153): warning C4290: Spécification d'exception C++ ignorée sauf pour indiquer qu'une fonction n'est pas __declspec(nothrow)
c:\stage\yanis\csharp_projects\aruco\arucodll\aruco_src\markerdetector.h(171): warning C4290: Spécification d'exception C++ ignorée sauf pour indiquer qu'une fonction n'est pas __declspec(nothrow)
c:\stage\yanis\csharp_projects\aruco\arucodll\aruco_src\markerdetector.h(180): warning C4290: Spécification d'exception C++ ignorée sauf pour indiquer qu'une fonction n'est pas __declspec(nothrow)
c:\stage\yanis\csharp_projects\aruco\arucodll\aruco_src\markerdetector.h(248): warning C4290: Spécification d'exception C++ ignorée sauf pour indiquer qu'une fonction n'est pas __declspec(nothrow)
c:\stage\yanis\csharp_projects\aruco\arucodll\aruco_src\markerdetector.h(281): warning C4290: Spécification d'exception C++ ignorée sauf pour indiquer qu'une fonction n'est pas __declspec(nothrow)
c:\stage\yanis\csharp_projects\aruco\arucodll\aruco_src\markerdetector.h(309): warning C4290: Spécification d'exception C++ ignorée sauf pour indiquer qu'une fonction n'est pas __declspec(nothrow)
c:\stage\yanis\csharp_projects\aruco\arucodll\aruco_src\markerdetector.h(310): warning C4290: Spécification d'exception C++ ignorée sauf pour indiquer qu'une fonction n'est pas __declspec(nothrow)
c:\stage\yanis\csharp_projects\aruco\arucodll\aruco_src\markerdetector.h(334): warning C4290: Spécification d'exception C++ ignorée sauf pour indiquer qu'une fonction n'est pas __declspec(nothrow)
c:\stage\yanis\csharp_projects\aruco\arucodll\aruco_src\markerdetector.h(356): warning C4290: Spécification d'exception C++ ignorée sauf pour indiquer qu'une fonction n'est pas __declspec(nothrow)
c:\stage\yanis\csharp_projects\aruco\arucodll\aruco_src\markerdetector.h(372): warning C4290: Spécification d'exception C++ ignorée sauf pour indiquer qu'une fonction n'est pas __declspec(nothrow)
c:\stage\yanis\csharp_projects\aruco\arucodll\aruco_src\markerdetector.h(93): warning C4305: '=' : troncation de 'double' à 'float'
c:\stage\yanis\csharp_projects\aruco\arucodll\aruco_src\markerdetector.h(94): warning C4305: '=' : troncation de 'double' à 'float'
c:\stage\yanis\csharp_projects\aruco\arucodll\aruco_src\markermap.h(47): warning C4244: 'return' : conversion de 'double' en 'float', perte possible de données
c:\stage\yanis\csharp_projects\aruco\arucodll\aruco_src\markermap.h(83): warning C4290: Spécification d'exception C++ ignorée sauf pour indiquer qu'une fonction n'est pas __declspec(nothrow)
c:\stage\yanis\csharp_projects\aruco\arucodll\aruco_src\markermap.h(93): warning C4290: Spécification d'exception C++ ignorée sauf pour indiquer qu'une fonction n'est pas __declspec(nothrow)
c:\stage\yanis\csharp_projects\aruco\arucodll\aruco_src\markermap.h(103): warning C4290: Spécification d'exception C++ ignorée sauf pour indiquer qu'une fonction n'est pas __declspec(nothrow)
c:\stage\yanis\csharp_projects\aruco\arucodll\aruco_src\markermap.h(115): warning C4290: Spécification d'exception C++ ignorée sauf pour indiquer qu'une fonction n'est pas __declspec(nothrow)
c:\stage\yanis\csharp_projects\aruco\arucodll\aruco_src\markermap.h(120): warning C4290: Spécification d'exception C++ ignorée sauf pour indiquer qu'une fonction n'est pas __declspec(nothrow)
c:\stage\yanis\csharp_projects\aruco\arucodll\aruco_src\markermap.h(123): warning C4290: Spécification d'exception C++ ignorée sauf pour indiquer qu'une fonction n'est pas __declspec(nothrow)
c:\stage\yanis\csharp_projects\aruco\arucodll\aruco_src\markermap.h(129): warning C4290: Spécification d'exception C++ ignorée sauf pour indiquer qu'une fonction n'est pas __declspec(nothrow)
c:\stage\yanis\csharp_projects\aruco\arucodll\aruco_src\markermap.h(154): warning C4290: Spécification d'exception C++ ignorée sauf pour indiquer qu'une fonction n'est pas __declspec(nothrow)
c:\stage\yanis\csharp_projects\aruco\arucodll\aruco_src\markermap.h(157): warning C4290: Spécification d'exception C++ ignorée sauf pour indiquer qu'une fonction n'est pas __declspec(nothrow)
c:\stage\yanis\csharp_projects\aruco\arucodll\aruco_src\posetracker.h(69): warning C4290: Spécification d'exception C++ ignorée sauf pour indiquer qu'une fonction n'est pas __declspec(nothrow)
c:\stage\yanis\csharp_projects\aruco\arucodll\aruco_src\cvdrawingutils.cpp(106): warning C4244: '=' : conversion de 'double' en 'float', perte possible de données
c:\stage\yanis\csharp_projects\aruco\arucodll\aruco_src\cvdrawingutils.cpp(108): warning C4244: '=' : conversion de 'double' en 'float', perte possible de données
c:\stage\yanis\csharp_projects\aruco\arucodll\aruco_src\cvdrawingutils.cpp(109): warning C4244: '=' : conversion de 'double' en 'float', perte possible de données
c:\stage\yanis\csharp_projects\aruco\arucodll\aruco_src\cvdrawingutils.cpp(111): warning C4244: '=' : conversion de 'double' en 'float', perte possible de données
c:\stage\yanis\csharp_projects\aruco\arucodll\aruco_src\cvdrawingutils.cpp(112): warning C4244: '=' : conversion de 'double' en 'float', perte possible de données
c:\stage\yanis\csharp_projects\aruco\arucodll\aruco_src\cvdrawingutils.cpp(114): warning C4244: '=' : conversion de 'double' en 'float', perte possible de données
c:\stage\yanis\csharp_projects\aruco\arucodll\aruco_src\cvdrawingutils.cpp(115): warning C4244: '=' : conversion de 'double' en 'float', perte possible de données
c:\stage\yanis\csharp_projects\aruco\arucodll\aruco_src\cvdrawingutils.cpp(117): warning C4244: '=' : conversion de 'double' en 'float', perte possible de données
c:\stage\yanis\csharp_projects\aruco\arucodll\aruco_src\cvdrawingutils.cpp(119): warning C4244: '=' : conversion de 'double' en 'float', perte possible de données
c:\stage\yanis\csharp_projects\aruco\arucodll\aruco_src\cvdrawingutils.cpp(121): warning C4244: '=' : conversion de 'double' en 'float', perte possible de données
c:\stage\yanis\csharp_projects\aruco\arucodll\aruco_src\cvdrawingutils.cpp(122): warning C4244: '=' : conversion de 'double' en 'float', perte possible de données
c:\stage\yanis\csharp_projects\aruco\arucodll\aruco_src\cvdrawingutils.cpp(124): warning C4244: '=' : conversion de 'double' en 'float', perte possible de données
c:\stage\yanis\csharp_projects\aruco\arucodll\aruco_src\cvdrawingutils.cpp(125): warning C4244: '=' : conversion de 'double' en 'float', perte possible de données
c:\stage\yanis\csharp_projects\aruco\arucodll\aruco_src\cvdrawingutils.cpp(127): warning C4244: '=' : conversion de 'double' en 'float', perte possible de données
c:\stage\yanis\csharp_projects\aruco\arucodll\aruco_src\cvdrawingutils.cpp(128): warning C4244: '=' : conversion de 'double' en 'float', perte possible de données
c:\stage\yanis\csharp_projects\aruco\arucodll\aruco_src\cvdrawingutils.cpp(130): warning C4244: '=' : conversion de 'double' en 'float', perte possible de données
c:\stage\yanis\csharp_projects\aruco\arucodll\aruco_src\cvdrawingutils.cpp(132): warning C4244: '=' : conversion de 'double' en 'float', perte possible de données
c:\stage\yanis\csharp_projects\aruco\arucodll\aruco_src\cvdrawingutils.cpp(133): warning C4244: '=' : conversion de 'double' en 'float', perte possible de données
c:\stage\yanis\csharp_projects\aruco\arucodll\aruco_src\cvdrawingutils.cpp(135): warning C4244: '=' : conversion de 'double' en 'float', perte possible de données
c:\stage\yanis\csharp_projects\aruco\arucodll\aruco_src\cvdrawingutils.cpp(136): warning C4244: '=' : conversion de 'double' en 'float', perte possible de données
c:\stage\yanis\csharp_projects\aruco\arucodll\aruco_src\cvdrawingutils.cpp(138): warning C4244: '=' : conversion de 'double' en 'float', perte possible de données
c:\stage\yanis\csharp_projects\aruco\arucodll\aruco_src\cvdrawingutils.cpp(139): warning C4244: '=' : conversion de 'double' en 'float', perte possible de données
c:\stage\yanis\csharp_projects\aruco\arucodll\aruco_src\cvdrawingutils.cpp(141): warning C4244: '=' : conversion de 'double' en 'float', perte possible de données
c:\stage\yanis\csharp_projects\aruco\arucodll\aruco_src\cvdrawingutils.cpp(142): warning C4244: '=' : conversion de 'double' en 'float', perte possible de données
c:\stage\yanis\csharp_projects\aruco\arucodll\aruco_src\cvdrawingutils.cpp(145): warning C4244: '=' : conversion de 'double' en 'float', perte possible de données
c:\stage\yanis\csharp_projects\aruco\arucodll\aruco_src\cvdrawingutils.cpp(146): warning C4244: '=' : conversion de 'double' en 'float', perte possible de données
c:\stage\yanis\csharp_projects\aruco\arucodll\aruco_src\cvdrawingutils.cpp(148): warning C4244: '=' : conversion de 'double' en 'float', perte possible de données
c:\stage\yanis\csharp_projects\aruco\arucodll\aruco_src\cvdrawingutils.cpp(149): warning C4244: '=' : conversion de 'double' en 'float', perte possible de données
c:\stage\yanis\csharp_projects\aruco\arucodll\aruco_src\cvdrawingutils.cpp(151): warning C4244: '=' : conversion de 'double' en 'float', perte possible de données
c:\stage\yanis\csharp_projects\aruco\arucodll\aruco_src\cvdrawingutils.cpp(152): warning C4244: '=' : conversion de 'double' en 'float', perte possible de données
c:\stage\yanis\csharp_projects\aruco\arucodll\aruco_src\cvdrawingutils.cpp(154): warning C4244: '=' : conversion de 'double' en 'float', perte possible de données
c:\stage\yanis\csharp_projects\aruco\arucodll\aruco_src\cvdrawingutils.cpp(155): warning C4244: '=' : conversion de 'double' en 'float', perte possible de données
  ArucoDll.cpp
c:\stage\yanis\csharp_projects\aruco\arucodll\aruco_src\cameraparameters.h(55): warning C4290: Spécification d'exception C++ ignorée sauf pour indiquer qu'une fonction n'est pas __declspec(nothrow)
c:\stage\yanis\csharp_projects\aruco\arucodll\aruco_src\cameraparameters.h(61): warning C4290: Spécification d'exception C++ ignorée sauf pour indiquer qu'une fonction n'est pas __declspec(nothrow)
c:\stage\yanis\csharp_projects\aruco\arucodll\aruco_src\cameraparameters.h(77): warning C4290: Spécification d'exception C++ ignorée sauf pour indiquer qu'une fonction n'est pas __declspec(nothrow)
c:\stage\yanis\csharp_projects\aruco\arucodll\aruco_src\cameraparameters.h(81): warning C4290: Spécification d'exception C++ ignorée sauf pour indiquer qu'une fonction n'est pas __declspec(nothrow)
c:\stage\yanis\csharp_projects\aruco\arucodll\aruco_src\cameraparameters.h(85): warning C4290: Spécification d'exception C++ ignorée sauf pour indiquer qu'une fonction n'est pas __declspec(nothrow)
c:\stage\yanis\csharp_projects\aruco\arucodll\aruco_src\cameraparameters.h(103): warning C4290: Spécification d'exception C++ ignorée sauf pour indiquer qu'une fonction n'est pas __declspec(nothrow)
c:\stage\yanis\csharp_projects\aruco\arucodll\aruco_src\cameraparameters.h(116): warning C4290: Spécification d'exception C++ ignorée sauf pour indiquer qu'une fonction n'est pas __declspec(nothrow)
c:\stage\yanis\csharp_projects\aruco\arucodll\aruco_src\cameraparameters.h(126): warning C4290: Spécification d'exception C++ ignorée sauf pour indiquer qu'une fonction n'est pas __declspec(nothrow)
c:\stage\yanis\csharp_projects\aruco\arucodll\aruco_src\cameraparameters.h(127): warning C4290: Spécification d'exception C++ ignorée sauf pour indiquer qu'une fonction n'est pas __declspec(nothrow)
c:\stage\yanis\csharp_projects\aruco\arucodll\aruco_src\dictionary.h(57): warning C4290: Spécification d'exception C++ ignorée sauf pour indiquer qu'une fonction n'est pas __declspec(nothrow)
c:\stage\yanis\csharp_projects\aruco\arucodll\aruco_src\dictionary.h(60): warning C4290: Spécification d'exception C++ ignorée sauf pour indiquer qu'une fonction n'est pas __declspec(nothrow)
c:\stage\yanis\csharp_projects\aruco\arucodll\aruco_src\dictionary.h(61): warning C4290: Spécification d'exception C++ ignorée sauf pour indiquer qu'une fonction n'est pas __declspec(nothrow)
c:\stage\yanis\csharp_projects\aruco\arucodll\aruco_src\dictionary.h(63): warning C4290: Spécification d'exception C++ ignorée sauf pour indiquer qu'une fonction n'est pas __declspec(nothrow)
c:\stage\yanis\csharp_projects\aruco\arucodll\aruco_src\dictionary.h(64): warning C4290: Spécification d'exception C++ ignorée sauf pour indiquer qu'une fonction n'est pas __declspec(nothrow)
c:\stage\yanis\csharp_projects\aruco\arucodll\aruco_src\dictionary.h(65): warning C4290: Spécification d'exception C++ ignorée sauf pour indiquer qu'une fonction n'est pas __declspec(nothrow)
c:\stage\yanis\csharp_projects\aruco\arucodll\aruco_src\dictionary.h(66): warning C4290: Spécification d'exception C++ ignorée sauf pour indiquer qu'une fonction n'est pas __declspec(nothrow)
c:\stage\yanis\csharp_projects\aruco\arucodll\aruco_src\dictionary.h(71): warning C4290: Spécification d'exception C++ ignorée sauf pour indiquer qu'une fonction n'est pas __declspec(nothrow)
c:\stage\yanis\csharp_projects\aruco\arucodll\aruco_src\dictionary.h(72): warning C4290: Spécification d'exception C++ ignorée sauf pour indiquer qu'une fonction n'est pas __declspec(nothrow)
c:\stage\yanis\csharp_projects\aruco\arucodll\aruco_src\marker.h(79): warning C4290: Spécification d'exception C++ ignorée sauf pour indiquer qu'une fonction n'est pas __declspec(nothrow)
c:\stage\yanis\csharp_projects\aruco\arucodll\aruco_src\marker.h(86): warning C4290: Spécification d'exception C++ ignorée sauf pour indiquer qu'une fonction n'est pas __declspec(nothrow)
c:\stage\yanis\csharp_projects\aruco\arucodll\aruco_src\marker.h(91): warning C4290: Spécification d'exception C++ ignorée sauf pour indiquer qu'une fonction n'est pas __declspec(nothrow)
c:\stage\yanis\csharp_projects\aruco\arucodll\aruco_src\marker.h(103): warning C4290: Spécification d'exception C++ ignorée sauf pour indiquer qu'une fonction n'est pas __declspec(nothrow)
c:\stage\yanis\csharp_projects\aruco\arucodll\aruco_src\markerlabeler.h(53): warning C4290: Spécification d'exception C++ ignorée sauf pour indiquer qu'une fonction n'est pas __declspec(nothrow)
c:\stage\yanis\csharp_projects\aruco\arucodll\aruco_src\markerlabeler.h(69): warning C4290: Spécification d'exception C++ ignorée sauf pour indiquer qu'une fonction n'est pas __declspec(nothrow)
c:\stage\yanis\csharp_projects\aruco\arucodll\aruco_src\markerdetector.h(119): warning C4290: Spécification d'exception C++ ignorée sauf pour indiquer qu'une fonction n'est pas __declspec(nothrow)
c:\stage\yanis\csharp_projects\aruco\arucodll\aruco_src\markerdetector.h(120): warning C4290: Spécification d'exception C++ ignorée sauf pour indiquer qu'une fonction n'est pas __declspec(nothrow)
c:\stage\yanis\csharp_projects\aruco\arucodll\aruco_src\markerdetector.h(133): warning C4290: Spécification d'exception C++ ignorée sauf pour indiquer qu'une fonction n'est pas __declspec(nothrow)
c:\stage\yanis\csharp_projects\aruco\arucodll\aruco_src\markerdetector.h(149): warning C4290: Spécification d'exception C++ ignorée sauf pour indiquer qu'une fonction n'est pas __declspec(nothrow)
c:\stage\yanis\csharp_projects\aruco\arucodll\aruco_src\markerdetector.h(153): warning C4290: Spécification d'exception C++ ignorée sauf pour indiquer qu'une fonction n'est pas __declspec(nothrow)
c:\stage\yanis\csharp_projects\aruco\arucodll\aruco_src\markerdetector.h(171): warning C4290: Spécification d'exception C++ ignorée sauf pour indiquer qu'une fonction n'est pas __declspec(nothrow)
c:\stage\yanis\csharp_projects\aruco\arucodll\aruco_src\markerdetector.h(180): warning C4290: Spécification d'exception C++ ignorée sauf pour indiquer qu'une fonction n'est pas __declspec(nothrow)
c:\stage\yanis\csharp_projects\aruco\arucodll\aruco_src\markerdetector.h(248): warning C4290: Spécification d'exception C++ ignorée sauf pour indiquer qu'une fonction n'est pas __declspec(nothrow)
c:\stage\yanis\csharp_projects\aruco\arucodll\aruco_src\markerdetector.h(281): warning C4290: Spécification d'exception C++ ignorée sauf pour indiquer qu'une fonction n'est pas __declspec(nothrow)
c:\stage\yanis\csharp_projects\aruco\arucodll\aruco_src\markerdetector.h(309): warning C4290: Spécification d'exception C++ ignorée sauf pour indiquer qu'une fonction n'est pas __declspec(nothrow)
c:\stage\yanis\csharp_projects\aruco\arucodll\aruco_src\markerdetector.h(310): warning C4290: Spécification d'exception C++ ignorée sauf pour indiquer qu'une fonction n'est pas __declspec(nothrow)
c:\stage\yanis\csharp_projects\aruco\arucodll\aruco_src\markerdetector.h(334): warning C4290: Spécification d'exception C++ ignorée sauf pour indiquer qu'une fonction n'est pas __declspec(nothrow)
c:\stage\yanis\csharp_projects\aruco\arucodll\aruco_src\markerdetector.h(356): warning C4290: Spécification d'exception C++ ignorée sauf pour indiquer qu'une fonction n'est pas __declspec(nothrow)
c:\stage\yanis\csharp_projects\aruco\arucodll\aruco_src\markerdetector.h(372): warning C4290: Spécification d'exception C++ ignorée sauf pour indiquer qu'une fonction n'est pas __declspec(nothrow)
c:\stage\yanis\csharp_projects\aruco\arucodll\aruco_src\markerdetector.h(93): warning C4305: '=' : troncation de 'double' à 'float'
c:\stage\yanis\csharp_projects\aruco\arucodll\aruco_src\markerdetector.h(94): warning C4305: '=' : troncation de 'double' à 'float'
c:\stage\yanis\csharp_projects\aruco\arucodll\aruco_src\markermap.h(47): warning C4244: 'return' : conversion de 'double' en 'float', perte possible de données
c:\stage\yanis\csharp_projects\aruco\arucodll\aruco_src\markermap.h(83): warning C4290: Spécification d'exception C++ ignorée sauf pour indiquer qu'une fonction n'est pas __declspec(nothrow)
c:\stage\yanis\csharp_projects\aruco\arucodll\aruco_src\markermap.h(93): warning C4290: Spécification d'exception C++ ignorée sauf pour indiquer qu'une fonction n'est pas __declspec(nothrow)
c:\stage\yanis\csharp_projects\aruco\arucodll\aruco_src\markermap.h(103): warning C4290: Spécification d'exception C++ ignorée sauf pour indiquer qu'une fonction n'est pas __declspec(nothrow)
c:\stage\yanis\csharp_projects\aruco\arucodll\aruco_src\markermap.h(115): warning C4290: Spécification d'exception C++ ignorée sauf pour indiquer qu'une fonction n'est pas __declspec(nothrow)
c:\stage\yanis\csharp_projects\aruco\arucodll\aruco_src\markermap.h(120): warning C4290: Spécification d'exception C++ ignorée sauf pour indiquer qu'une fonction n'est pas __declspec(nothrow)
c:\stage\yanis\csharp_projects\aruco\arucodll\aruco_src\markermap.h(123): warning C4290: Spécification d'exception C++ ignorée sauf pour indiquer qu'une fonction n'est pas __declspec(nothrow)
c:\stage\yanis\csharp_projects\aruco\arucodll\aruco_src\markermap.h(129): warning C4290: Spécification d'exception C++ ignorée sauf pour indiquer qu'une fonction n'est pas __declspec(nothrow)
c:\stage\yanis\csharp_projects\aruco\arucodll\aruco_src\markermap.h(154): warning C4290: Spécification d'exception C++ ignorée sauf pour indiquer qu'une fonction n'est pas __declspec(nothrow)
c:\stage\yanis\csharp_projects\aruco\arucodll\aruco_src\markermap.h(157): warning C4290: Spécification d'exception C++ ignorée sauf pour indiquer qu'une fonction n'est pas __declspec(nothrow)
c:\stage\yanis\csharp_projects\aruco\arucodll\aruco_src\posetracker.h(69): warning C4290: Spécification d'exception C++ ignorée sauf pour indiquer qu'une fonction n'est pas __declspec(nothrow)
c:\stage\yanis\csharp_projects\aruco\arucodll\arucodll.cpp(120): warning C4302: 'cast de type' : troncation de 'uchar *const ' à 'byte'
c:\stage\yanis\csharp_projects\aruco\arucodll\arucodll.cpp(224): warning C4290: Spécification d'exception C++ ignorée sauf pour indiquer qu'une fonction n'est pas __declspec(nothrow)
c:\stage\yanis\csharp_projects\aruco\arucodll\arucodll.cpp(309): warning C4305: '=' : troncation de 'double' à 'float'
c:\stage\yanis\csharp_projects\aruco\arucodll\arucodll.cpp(313): warning C4244: '=' : conversion de 'double' en 'int', perte possible de données
c:\stage\yanis\csharp_projects\aruco\arucodll\arucodll.cpp(381): warning C4305: '=' : troncation de 'double' à 'float'
c:\stage\yanis\csharp_projects\aruco\arucodll\arucodll.cpp(385): warning C4244: '=' : conversion de 'double' en 'int', perte possible de données
  Génération de code en cours...
  ArucoDll.vcxproj -> C:\Stage\Yanis\CSharp_projects\Aruco\Debug\ArucoDll.dll
  ArucoDll.vcxproj -> C:\Stage\Yanis\CSharp_projects\Aruco\Debug\ArucoDll.pdb (Full PDB)
